<?xml version="1.0" encoding="UTF-8"?>
<testng-results ignored="0" total="5" passed="4" failed="1" skipped="0">
  <reporter-output>
  </reporter-output>
  <suite started-at="2022-05-20T22:03:06 CEST" name="Suite" finished-at="2022-05-20T22:04:25 CEST" duration-ms="78680">
    <groups>
    </groups>
    <test started-at="2022-05-20T22:03:06 CEST" name="Test" finished-at="2022-05-20T22:04:25 CEST" duration-ms="78680">
      <class name="tests.LoginTest">
        <test-method is-config="true" signature="initialize()[pri:0, instance:tests.LoginTest@324dcd31]" started-at="2022-05-20T22:03:06 CEST" name="initialize" finished-at="2022-05-20T22:03:51 CEST" duration-ms="45042" status="PASS">
          <reporter-output>
          </reporter-output>
        </test-method> <!-- initialize -->
        <test-method signature="login(java.lang.String,java.lang.String)[pri:0, instance:tests.LoginTest@324dcd31]" started-at="2022-05-20T22:03:51 CEST" name="login" data-provider="loginData" finished-at="2022-05-20T22:03:54 CEST" duration-ms="2451" status="PASS">
          <params>
            <param index="0">
              <value>
                <![CDATA[aidah1803@gmail.com]]>
              </value>
            </param>
            <param index="1">
              <value>
                <![CDATA[UnforgettableApps123!]]>
              </value>
            </param>
          </params>
          <reporter-output>
          </reporter-output>
        </test-method> <!-- login -->
        <test-method is-config="true" signature="closeBrowsers()[pri:0, instance:tests.LoginTest@324dcd31]" started-at="2022-05-20T22:03:54 CEST" name="closeBrowsers" finished-at="2022-05-20T22:03:54 CEST" duration-ms="176" status="PASS">
          <reporter-output>
          </reporter-output>
        </test-method> <!-- closeBrowsers -->
        <test-method is-config="true" signature="initialize()[pri:0, instance:tests.LoginTest@324dcd31]" started-at="2022-05-20T22:03:54 CEST" name="initialize" finished-at="2022-05-20T22:04:21 CEST" duration-ms="27185" status="PASS">
          <reporter-output>
          </reporter-output>
        </test-method> <!-- initialize -->
        <test-method signature="login(java.lang.String,java.lang.String)[pri:0, instance:tests.LoginTest@324dcd31]" started-at="2022-05-20T22:04:21 CEST" name="login" data-provider="loginData" finished-at="2022-05-20T22:04:23 CEST" duration-ms="1904" status="FAIL">
          <params>
            <param index="0">
              <value>
                <![CDATA[komora.aida@gmail.com]]>
              </value>
            </param>
            <param index="1">
              <value>
                <![CDATA[NewPassword456*]]>
              </value>
            </param>
          </params>
          <exception class="java.lang.AssertionError">
            <message>
              <![CDATA[expected [aidah1803@gmail.com] but found [komora.aida@gmail.com]]]>
            </message>
            <full-stacktrace>
              <![CDATA[java.lang.AssertionError: expected [aidah1803@gmail.com] but found [komora.aida@gmail.com]
at org.testng.Assert.fail(Assert.java:110)
at org.testng.Assert.failNotEquals(Assert.java:1413)
at org.testng.Assert.assertEqualsImpl(Assert.java:149)
at org.testng.Assert.assertEquals(Assert.java:131)
at org.testng.Assert.assertEquals(Assert.java:655)
at org.testng.Assert.assertEquals(Assert.java:665)
at tests.LoginTest.login(LoginTest.java:45)
at java.base/jdk.internal.reflect.NativeMethodAccessorImpl.invoke0(Native Method)
at java.base/jdk.internal.reflect.NativeMethodAccessorImpl.invoke(NativeMethodAccessorImpl.java:62)
at java.base/jdk.internal.reflect.DelegatingMethodAccessorImpl.invoke(DelegatingMethodAccessorImpl.java:43)
at java.base/java.lang.reflect.Method.invoke(Method.java:566)
at org.testng.internal.invokers.MethodInvocationHelper.invokeMethod(MethodInvocationHelper.java:135)
at org.testng.internal.invokers.TestInvoker.invokeMethod(TestInvoker.java:673)
at org.testng.internal.invokers.TestInvoker.invokeTestMethod(TestInvoker.java:220)
at org.testng.internal.invokers.MethodRunner.runInSequence(MethodRunner.java:50)
at org.testng.internal.invokers.TestInvoker$MethodInvocationAgent.invoke(TestInvoker.java:945)
at org.testng.internal.invokers.TestInvoker.invokeTestMethods(TestInvoker.java:193)
at org.testng.internal.invokers.TestMethodWorker.invokeTestMethods(TestMethodWorker.java:146)
at org.testng.internal.invokers.TestMethodWorker.run(TestMethodWorker.java:128)
at java.base/java.util.concurrent.ThreadPoolExecutor.runWorker(ThreadPoolExecutor.java:1128)
at java.base/java.util.concurrent.ThreadPoolExecutor$Worker.run(ThreadPoolExecutor.java:628)
at java.base/java.lang.Thread.run(Thread.java:834)
]]>
            </full-stacktrace>
          </exception> <!-- java.lang.AssertionError -->
          <reporter-output>
          </reporter-output>
        </test-method> <!-- login -->
        <test-method is-config="true" signature="closeBrowsers()[pri:0, instance:tests.LoginTest@324dcd31]" started-at="2022-05-20T22:04:23 CEST" name="closeBrowsers" finished-at="2022-05-20T22:04:25 CEST" duration-ms="1447" status="PASS">
          <reporter-output>
          </reporter-output>
        </test-method> <!-- closeBrowsers -->
      </class> <!-- tests.LoginTest -->
      <class name="tests.ValidateTitleTest">
        <test-method is-config="true" signature="initialize()[pri:0, instance:tests.ValidateTitleTest@503d56b5]" started-at="2022-05-20T22:03:06 CEST" name="initialize" finished-at="2022-05-20T22:03:54 CEST" duration-ms="47485" status="PASS">
          <reporter-output>
          </reporter-output>
        </test-method> <!-- initialize -->
        <test-method signature="titleAssert()[pri:0, instance:tests.ValidateTitleTest@503d56b5]" started-at="2022-05-20T22:03:54 CEST" name="titleAssert" finished-at="2022-05-20T22:03:54 CEST" duration-ms="208" status="PASS">
          <reporter-output>
          </reporter-output>
        </test-method> <!-- titleAssert -->
        <test-method is-config="true" signature="closeBrowsers()[pri:0, instance:tests.ValidateTitleTest@503d56b5]" started-at="2022-05-20T22:03:54 CEST" name="closeBrowsers" finished-at="2022-05-20T22:03:58 CEST" duration-ms="4377" status="PASS">
          <reporter-output>
          </reporter-output>
        </test-method> <!-- closeBrowsers -->
      </class> <!-- tests.ValidateTitleTest -->
      <class name="tests.ForgetPasswordTest">
        <test-method is-config="true" signature="initialize()[pri:0, instance:tests.ForgetPasswordTest@402f80f5]" started-at="2022-05-20T22:03:06 CEST" name="initialize" finished-at="2022-05-20T22:04:13 CEST" duration-ms="66758" status="PASS">
          <reporter-output>
          </reporter-output>
        </test-method> <!-- initialize -->
        <test-method signature="resetPass()[pri:0, instance:tests.ForgetPasswordTest@402f80f5]" started-at="2022-05-20T22:04:13 CEST" name="resetPass" finished-at="2022-05-20T22:04:15 CEST" duration-ms="1772" status="PASS">
          <reporter-output>
          </reporter-output>
        </test-method> <!-- resetPass -->
        <test-method is-config="true" signature="closeBrowsers()[pri:0, instance:tests.ForgetPasswordTest@402f80f5]" started-at="2022-05-20T22:04:15 CEST" name="closeBrowsers" finished-at="2022-05-20T22:04:15 CEST" duration-ms="68" status="PASS">
          <reporter-output>
          </reporter-output>
        </test-method> <!-- closeBrowsers -->
      </class> <!-- tests.ForgetPasswordTest -->
      <class name="tests.ValidateNavBarTest">
        <test-method is-config="true" signature="initialize()[pri:0, instance:tests.ValidateNavBarTest@72bca894]" started-at="2022-05-20T22:03:06 CEST" name="initialize" finished-at="2022-05-20T22:03:59 CEST" duration-ms="52302" status="PASS">
          <reporter-output>
          </reporter-output>
        </test-method> <!-- initialize -->
        <test-method signature="titleAssert()[pri:0, instance:tests.ValidateNavBarTest@72bca894]" started-at="2022-05-20T22:03:59 CEST" name="titleAssert" finished-at="2022-05-20T22:03:59 CEST" duration-ms="240" status="PASS">
          <reporter-output>
          </reporter-output>
        </test-method> <!-- titleAssert -->
        <test-method is-config="true" signature="closeBrowsers()[pri:0, instance:tests.ValidateNavBarTest@72bca894]" started-at="2022-05-20T22:03:59 CEST" name="closeBrowsers" finished-at="2022-05-20T22:03:59 CEST" duration-ms="88" status="PASS">
          <reporter-output>
          </reporter-output>
        </test-method> <!-- closeBrowsers -->
      </class> <!-- tests.ValidateNavBarTest -->
    </test> <!-- Test -->
  </suite> <!-- Suite -->
</testng-results>
