<?xml version="1.0" encoding="UTF-8"?>
<testng-results ignored="0" total="5" passed="3" failed="2" skipped="0">
  <reporter-output>
  </reporter-output>
  <suite started-at="2022-04-02T15:08:35 CEST" name="Suite" finished-at="2022-04-02T15:09:27 CEST" duration-ms="51634">
    <groups>
    </groups>
    <test started-at="2022-04-02T15:08:35 CEST" name="Test" finished-at="2022-04-02T15:09:27 CEST" duration-ms="51634">
      <class name="tests.LoginTest">
        <test-method is-config="true" signature="initialize()[pri:0, instance:tests.LoginTest@51bde877]" started-at="2022-04-02T15:08:35 CEST" name="initialize" finished-at="2022-04-02T15:09:02 CEST" duration-ms="26713" status="PASS">
          <reporter-output>
          </reporter-output>
        </test-method> <!-- initialize -->
        <test-method signature="login(java.lang.String,java.lang.String)[pri:0, instance:tests.LoginTest@51bde877]" started-at="2022-04-02T15:09:02 CEST" name="login" data-provider="loginData" finished-at="2022-04-02T15:09:05 CEST" duration-ms="3284" status="FAIL">
          <params>
            <param index="0">
              <value>
                <![CDATA[aidah1803@gmail.com]]>
              </value>
            </param>
            <param index="1">
              <value>
                <![CDATA[UnforgettableApps123!]]>
              </value>
            </param>
          </params>
          <exception class="java.lang.AssertionError">
            <message>
              <![CDATA[expected [aida_ks@yahoo.com] but found [aidah1803@gmail.com]]]>
            </message>
            <full-stacktrace>
              <![CDATA[java.lang.AssertionError: expected [aida_ks@yahoo.com] but found [aidah1803@gmail.com]
at org.testng.Assert.fail(Assert.java:99)
at org.testng.Assert.failNotEquals(Assert.java:1037)
at org.testng.Assert.assertEqualsImpl(Assert.java:140)
at org.testng.Assert.assertEquals(Assert.java:122)
at org.testng.Assert.assertEquals(Assert.java:629)
at org.testng.Assert.assertEquals(Assert.java:639)
at tests.LoginTest.login(LoginTest.java:45)
at java.base/jdk.internal.reflect.NativeMethodAccessorImpl.invoke0(Native Method)
at java.base/jdk.internal.reflect.NativeMethodAccessorImpl.invoke(NativeMethodAccessorImpl.java:77)
at java.base/jdk.internal.reflect.DelegatingMethodAccessorImpl.invoke(DelegatingMethodAccessorImpl.java:43)
at java.base/java.lang.reflect.Method.invoke(Method.java:568)
at org.testng.internal.MethodInvocationHelper.invokeMethod(MethodInvocationHelper.java:133)
at org.testng.internal.TestInvoker.invokeMethod(TestInvoker.java:598)
at org.testng.internal.TestInvoker.invokeTestMethod(TestInvoker.java:173)
at org.testng.internal.MethodRunner.runInSequence(MethodRunner.java:46)
at org.testng.internal.TestInvoker$MethodInvocationAgent.invoke(TestInvoker.java:824)
at org.testng.internal.TestInvoker.invokeTestMethods(TestInvoker.java:146)
at org.testng.internal.TestMethodWorker.invokeTestMethods(TestMethodWorker.java:146)
at org.testng.internal.TestMethodWorker.run(TestMethodWorker.java:128)
at java.base/java.util.concurrent.ThreadPoolExecutor.runWorker(ThreadPoolExecutor.java:1136)
at java.base/java.util.concurrent.ThreadPoolExecutor$Worker.run(ThreadPoolExecutor.java:635)
at java.base/java.lang.Thread.run(Thread.java:833)
]]>
            </full-stacktrace>
          </exception> <!-- java.lang.AssertionError -->
          <reporter-output>
          </reporter-output>
        </test-method> <!-- login -->
        <test-method is-config="true" signature="closeBrowsers()[pri:0, instance:tests.LoginTest@51bde877]" started-at="2022-04-02T15:09:06 CEST" name="closeBrowsers" finished-at="2022-04-02T15:09:06 CEST" duration-ms="132" status="PASS">
          <reporter-output>
          </reporter-output>
        </test-method> <!-- closeBrowsers -->
        <test-method is-config="true" signature="initialize()[pri:0, instance:tests.LoginTest@51bde877]" started-at="2022-04-02T15:09:06 CEST" name="initialize" finished-at="2022-04-02T15:09:25 CEST" duration-ms="19143" status="PASS">
          <reporter-output>
          </reporter-output>
        </test-method> <!-- initialize -->
        <test-method signature="login(java.lang.String,java.lang.String)[pri:0, instance:tests.LoginTest@51bde877]" started-at="2022-04-02T15:09:25 CEST" name="login" data-provider="loginData" finished-at="2022-04-02T15:09:26 CEST" duration-ms="1442" status="FAIL">
          <params>
            <param index="0">
              <value>
                <![CDATA[komora.aida@gmail.com]]>
              </value>
            </param>
            <param index="1">
              <value>
                <![CDATA[NewPassword456*]]>
              </value>
            </param>
          </params>
          <exception class="java.lang.AssertionError">
            <message>
              <![CDATA[expected [aida_ks@yahoo.com] but found [komora.aida@gmail.com]]]>
            </message>
            <full-stacktrace>
              <![CDATA[java.lang.AssertionError: expected [aida_ks@yahoo.com] but found [komora.aida@gmail.com]
at org.testng.Assert.fail(Assert.java:99)
at org.testng.Assert.failNotEquals(Assert.java:1037)
at org.testng.Assert.assertEqualsImpl(Assert.java:140)
at org.testng.Assert.assertEquals(Assert.java:122)
at org.testng.Assert.assertEquals(Assert.java:629)
at org.testng.Assert.assertEquals(Assert.java:639)
at tests.LoginTest.login(LoginTest.java:45)
at java.base/jdk.internal.reflect.NativeMethodAccessorImpl.invoke0(Native Method)
at java.base/jdk.internal.reflect.NativeMethodAccessorImpl.invoke(NativeMethodAccessorImpl.java:77)
at java.base/jdk.internal.reflect.DelegatingMethodAccessorImpl.invoke(DelegatingMethodAccessorImpl.java:43)
at java.base/java.lang.reflect.Method.invoke(Method.java:568)
at org.testng.internal.MethodInvocationHelper.invokeMethod(MethodInvocationHelper.java:133)
at org.testng.internal.TestInvoker.invokeMethod(TestInvoker.java:598)
at org.testng.internal.TestInvoker.invokeTestMethod(TestInvoker.java:173)
at org.testng.internal.MethodRunner.runInSequence(MethodRunner.java:46)
at org.testng.internal.TestInvoker$MethodInvocationAgent.invoke(TestInvoker.java:824)
at org.testng.internal.TestInvoker.invokeTestMethods(TestInvoker.java:146)
at org.testng.internal.TestMethodWorker.invokeTestMethods(TestMethodWorker.java:146)
at org.testng.internal.TestMethodWorker.run(TestMethodWorker.java:128)
at java.base/java.util.concurrent.ThreadPoolExecutor.runWorker(ThreadPoolExecutor.java:1136)
at java.base/java.util.concurrent.ThreadPoolExecutor$Worker.run(ThreadPoolExecutor.java:635)
at java.base/java.lang.Thread.run(Thread.java:833)
]]>
            </full-stacktrace>
          </exception> <!-- java.lang.AssertionError -->
          <reporter-output>
          </reporter-output>
        </test-method> <!-- login -->
        <test-method is-config="true" signature="closeBrowsers()[pri:0, instance:tests.LoginTest@51bde877]" started-at="2022-04-02T15:09:27 CEST" name="closeBrowsers" finished-at="2022-04-02T15:09:27 CEST" duration-ms="132" status="PASS">
          <reporter-output>
          </reporter-output>
        </test-method> <!-- closeBrowsers -->
      </class> <!-- tests.LoginTest -->
      <class name="tests.ValidateTitleTest">
        <test-method is-config="true" signature="initialize()[pri:0, instance:tests.ValidateTitleTest@60b85ba1]" started-at="2022-04-02T15:08:35 CEST" name="initialize" finished-at="2022-04-02T15:09:03 CEST" duration-ms="28311" status="PASS">
          <reporter-output>
          </reporter-output>
        </test-method> <!-- initialize -->
        <test-method signature="titleAssert()[pri:0, instance:tests.ValidateTitleTest@60b85ba1]" started-at="2022-04-02T15:09:03 CEST" name="titleAssert" finished-at="2022-04-02T15:09:04 CEST" duration-ms="799" status="PASS">
          <reporter-output>
          </reporter-output>
        </test-method> <!-- titleAssert -->
        <test-method is-config="true" signature="closeBrowsers()[pri:0, instance:tests.ValidateTitleTest@60b85ba1]" started-at="2022-04-02T15:09:04 CEST" name="closeBrowsers" finished-at="2022-04-02T15:09:05 CEST" duration-ms="1093" status="PASS">
          <reporter-output>
          </reporter-output>
        </test-method> <!-- closeBrowsers -->
      </class> <!-- tests.ValidateTitleTest -->
      <class name="tests.ValidateNavBarTest">
        <test-method is-config="true" signature="initialize()[pri:0, instance:tests.ValidateNavBarTest@492fc69e]" started-at="2022-04-02T15:08:35 CEST" name="initialize" finished-at="2022-04-02T15:09:03 CEST" duration-ms="28286" status="PASS">
          <reporter-output>
          </reporter-output>
        </test-method> <!-- initialize -->
        <test-method signature="titleAssert()[pri:0, instance:tests.ValidateNavBarTest@492fc69e]" started-at="2022-04-02T15:09:03 CEST" name="titleAssert" finished-at="2022-04-02T15:09:05 CEST" duration-ms="1153" status="PASS">
          <reporter-output>
          </reporter-output>
        </test-method> <!-- titleAssert -->
        <test-method is-config="true" signature="closeBrowsers()[pri:0, instance:tests.ValidateNavBarTest@492fc69e]" started-at="2022-04-02T15:09:05 CEST" name="closeBrowsers" finished-at="2022-04-02T15:09:09 CEST" duration-ms="4544" status="PASS">
          <reporter-output>
          </reporter-output>
        </test-method> <!-- closeBrowsers -->
      </class> <!-- tests.ValidateNavBarTest -->
      <class name="tests.ForgetPasswordTest">
        <test-method is-config="true" signature="initialize()[pri:0, instance:tests.ForgetPasswordTest@61a5b4ae]" started-at="2022-04-02T15:08:35 CEST" name="initialize" finished-at="2022-04-02T15:09:03 CEST" duration-ms="27562" status="PASS">
          <reporter-output>
          </reporter-output>
        </test-method> <!-- initialize -->
        <test-method signature="resetPass()[pri:0, instance:tests.ForgetPasswordTest@61a5b4ae]" started-at="2022-04-02T15:09:03 CEST" name="resetPass" finished-at="2022-04-02T15:09:05 CEST" duration-ms="2709" status="PASS">
          <reporter-output>
          </reporter-output>
        </test-method> <!-- resetPass -->
        <test-method is-config="true" signature="closeBrowsers()[pri:0, instance:tests.ForgetPasswordTest@61a5b4ae]" started-at="2022-04-02T15:09:05 CEST" name="closeBrowsers" finished-at="2022-04-02T15:09:06 CEST" duration-ms="187" status="PASS">
          <reporter-output>
          </reporter-output>
        </test-method> <!-- closeBrowsers -->
      </class> <!-- tests.ForgetPasswordTest -->
    </test> <!-- Test -->
  </suite> <!-- Suite -->
</testng-results>
